<?xml version="1.0" encoding="UTF-8"?>
<testng-results ignored="0" total="1" passed="1" failed="0" skipped="0">
  <reporter-output>
  </reporter-output>
  <suite started-at="2025-06-19T14:42:21 IST" name="Suite" finished-at="2025-06-19T14:42:25 IST" duration-ms="4355">
    <groups>
    </groups>
    <test started-at="2025-06-19T14:42:21 IST" name="Test" finished-at="2025-06-19T14:42:25 IST" duration-ms="4355">
      <class name="SimpleWebScript.Automationscript">
        <test-method signature="launch()[pri:0, instance:SimpleWebScript.Automationscript@6302bbb1]" started-at="2025-06-19T14:42:21 IST" name="launch" finished-at="2025-06-19T14:42:25 IST" duration-ms="4284" status="PASS">
          <reporter-output>
          </reporter-output>
        </test-method> <!-- launch -->
      </class> <!-- SimpleWebScript.Automationscript -->
    </test> <!-- Test -->
  </suite> <!-- Suite -->
</testng-results>
